<?xml version="1.0" encoding="UTF-8"?>
<!-- Generated by org.testng.reporters.JUnitXMLReporter -->
<testsuite ignored="13" hostname="hp" failures="0" tests="1" name="Default test" time="52.455" errors="0" timestamp="2023-09-10T22:09:37 IST">
  <testcase classname="com.TC.MyInfoPageTest" name="street2" time="9.705"/>
  <testcase classname="com.TC.MyInfoPageTest" name="country" time="0.0">
    <ignored/>
  </testcase> <!-- country -->
  <testcase classname="com.TC.MyInfoPageTest" name="addattachment" time="0.0">
    <ignored/>
  </testcase> <!-- addattachment -->
  <testcase classname="com.TC.MyInfoPageTest" name="state" time="0.0">
    <ignored/>
  </testcase> <!-- state -->
  <testcase classname="com.TC.MyInfoPageTest" name="save" time="0.0">
    <ignored/>
  </testcase> <!-- save -->
  <testcase classname="com.TC.MyInfoPageTest" name="work" time="0.0">
    <ignored/>
  </testcase> <!-- work -->
  <testcase classname="com.TC.MyInfoPageTest" name="workemail" time="0.0">
    <ignored/>
  </testcase> <!-- workemail -->
  <testcase classname="com.TC.MyInfoPageTest" name="otheremail" time="0.0">
    <ignored/>
  </testcase> <!-- otheremail -->
  <testcase classname="com.TC.MyInfoPageTest" name="home" time="0.0">
    <ignored/>
  </testcase> <!-- home -->
  <testcase classname="com.TC.MyInfoPageTest" name="street1" time="0.0">
    <ignored/>
  </testcase> <!-- street1 -->
  <testcase classname="com.TC.MyInfoPageTest" name="mobile" time="0.0">
    <ignored/>
  </testcase> <!-- mobile -->
  <testcase classname="com.TC.MyInfoPageTest" name="MyInfoPage" time="0.0">
    <ignored/>
  </testcase> <!-- MyInfoPage -->
  <testcase classname="com.TC.MyInfoPageTest" name="city" time="0.0">
    <ignored/>
  </testcase> <!-- city -->
  <testcase classname="com.TC.MyInfoPageTest" name="ContactDetailsisPresent" time="0.0">
    <ignored/>
  </testcase> <!-- ContactDetailsisPresent -->
</testsuite> <!-- Default test -->
