<?xml version="1.0" encoding="UTF-8"?>
<testng-results ignored="13" total="14" passed="1" failed="0" skipped="0">
  <reporter-output>
  </reporter-output>
  <suite started-at="2023-09-10T22:08:45 IST" name="Default suite" finished-at="2023-09-10T22:09:37 IST" duration-ms="52455">
    <groups>
    </groups>
    <test started-at="2023-09-10T22:08:45 IST" name="Default test" finished-at="2023-09-10T22:09:37 IST" duration-ms="52455">
      <class name="com.TC.MyInfoPageTest">
        <test-method is-config="true" signature="browserSetup()[pri:0, instance:com.TC.MyInfoPageTest@2794eab6]" started-at="2023-09-10T22:08:45 IST" name="browserSetup" finished-at="2023-09-10T22:09:27 IST" duration-ms="42661" status="PASS">
          <reporter-output>
          </reporter-output>
        </test-method> <!-- browserSetup -->
        <test-method signature="street2()[pri:0, instance:com.TC.MyInfoPageTest@2794eab6]" started-at="2023-09-10T22:09:27 IST" name="street2" finished-at="2023-09-10T22:09:37 IST" duration-ms="9705" status="PASS">
          <reporter-output>
          </reporter-output>
        </test-method> <!-- street2 -->
      </class> <!-- com.TC.MyInfoPageTest -->
    </test> <!-- Default test -->
  </suite> <!-- Default suite -->
</testng-results>
